Determining if the pthread_create exist failed with the following output:
Change Dir: /home/ashish/Lab/Robotics/ros-robot/catkin_ws/build/CMakeFiles/CMakeTmp

Run Build Command:"/usr/bin/make" "cmTC_1517f/fast"
/usr/bin/make -f CMakeFiles/cmTC_1517f.dir/build.make CMakeFiles/cmTC_1517f.dir/build
make[1]: Entering directory '/home/ashish/Lab/Robotics/ros-robot/catkin_ws/build/CMakeFiles/CMakeTmp'
Building C object CMakeFiles/cmTC_1517f.dir/CheckSymbolExists.c.o
/usr/bin/cc    -o CMakeFiles/cmTC_1517f.dir/CheckSymbolExists.c.o   -c /home/ashish/Lab/Robotics/ros-robot/catkin_ws/build/CMakeFiles/CMakeTmp/CheckSymbolExists.c
Linking C executable cmTC_1517f
/usr/bin/cmake -E cmake_link_script CMakeFiles/cmTC_1517f.dir/link.txt --verbose=1
/usr/bin/cc      -rdynamic CMakeFiles/cmTC_1517f.dir/CheckSymbolExists.c.o  -o cmTC_1517f 
CMakeFiles/cmTC_1517f.dir/CheckSymbolExists.c.o: In function `main':
CheckSymbolExists.c:(.text+0x1b): undefined reference to `pthread_create'
collect2: error: ld returned 1 exit status
CMakeFiles/cmTC_1517f.dir/build.make:97: recipe for target 'cmTC_1517f' failed
make[1]: *** [cmTC_1517f] Error 1
make[1]: Leaving directory '/home/ashish/Lab/Robotics/ros-robot/catkin_ws/build/CMakeFiles/CMakeTmp'
Makefile:126: recipe for target 'cmTC_1517f/fast' failed
make: *** [cmTC_1517f/fast] Error 2

File /home/ashish/Lab/Robotics/ros-robot/catkin_ws/build/CMakeFiles/CMakeTmp/CheckSymbolExists.c:
/* */
#include <pthread.h>

int main(int argc, char** argv)
{
  (void)argv;
#ifndef pthread_create
  return ((int*)(&pthread_create))[argc];
#else
  (void)argc;
  return 0;
#endif
}

Determining if the function pthread_create exists in the pthreads failed with the following output:
Change Dir: /home/ashish/Lab/Robotics/ros-robot/catkin_ws/build/CMakeFiles/CMakeTmp

Run Build Command:"/usr/bin/make" "cmTC_b233b/fast"
/usr/bin/make -f CMakeFiles/cmTC_b233b.dir/build.make CMakeFiles/cmTC_b233b.dir/build
make[1]: Entering directory '/home/ashish/Lab/Robotics/ros-robot/catkin_ws/build/CMakeFiles/CMakeTmp'
Building C object CMakeFiles/cmTC_b233b.dir/CheckFunctionExists.c.o
/usr/bin/cc   -DCHECK_FUNCTION_EXISTS=pthread_create   -o CMakeFiles/cmTC_b233b.dir/CheckFunctionExists.c.o   -c /usr/share/cmake-3.10/Modules/CheckFunctionExists.c
Linking C executable cmTC_b233b
/usr/bin/cmake -E cmake_link_script CMakeFiles/cmTC_b233b.dir/link.txt --verbose=1
/usr/bin/cc  -DCHECK_FUNCTION_EXISTS=pthread_create    -rdynamic CMakeFiles/cmTC_b233b.dir/CheckFunctionExists.c.o  -o cmTC_b233b -lpthreads 
/usr/bin/ld: cannot find -lpthreads
collect2: error: ld returned 1 exit status
CMakeFiles/cmTC_b233b.dir/build.make:97: recipe for target 'cmTC_b233b' failed
make[1]: *** [cmTC_b233b] Error 1
make[1]: Leaving directory '/home/ashish/Lab/Robotics/ros-robot/catkin_ws/build/CMakeFiles/CMakeTmp'
Makefile:126: recipe for target 'cmTC_b233b/fast' failed
make: *** [cmTC_b233b/fast] Error 2


